<?xml version="1.0" encoding="UTF-8"?>
<!-- Generated by org.testng.reporters.JUnitReportReporter -->
<testsuite hostname="LNDB0009" name="com.qa.akash.TestNG_XML.AppTest" tests="2" failures="0" timestamp="5 Jul 2018 12:13:14 GMT" time="0.027" errors="0">
  <testcase name="Test02" time="0.014" classname="com.qa.akash.TestNG_XML.AppTest"/>
  <testcase name="Test01" time="0.013" classname="com.qa.akash.TestNG_XML.AppTest"/>
</testsuite> <!-- com.qa.akash.TestNG_XML.AppTest -->
